<?xml version="1.0" encoding="UTF-8"?>
<!-- Generated by org.testng.reporters.JUnitXMLReporter -->
<testsuite ignored="0" hostname="DESKTOP-7K5433Q" failures="0" tests="4" name="Default test" time="197.298" errors="0" timestamp="2025-08-26T06:00:29 PDT">
  <testcase classname="testNG.DataDrivenUsingJxl" name="data" time="78.875"/>
  <testcase classname="testNG.DataDrivenUsingJxl" name="data" time="44.269"/>
  <testcase classname="testNG.DataDrivenUsingJxl" name="data" time="30.978"/>
  <testcase classname="testNG.DataDrivenUsingJxl" name="data" time="41.691"/>
</testsuite> <!-- Default test -->
